<?xml version="1.0" encoding="UTF-8"?>
<!-- Generated by org.testng.reporters.JUnitXMLReporter -->
<testsuite ignored="0" hostname="nihal" failures="1" tests="3" name="Test" time="10.741" errors="0" timestamp="2026-05-09T21:59:19 IST">
  <testcase classname="Testcases.HomepageTest" name="Title" time="0.208">
    <failure type="java.lang.AssertionError" message="null">
      <![CDATA[java.lang.AssertionError: null
at Testcases.HomepageTest.Title(HomepageTest.java:32)
at java.base/java.util.ArrayList.forEach(ArrayList.java:1596)
... Removed 31 stack frames]]>
    </failure>
  </testcase> <!-- Title -->
  <testcase classname="Testcases.HomepageTest" name="login" time="1.194"/>
  <testcase classname="Testcases.ProductspageTest" name="cart" time="1.062"/>
</testsuite> <!-- Test -->
