<?xml version="1.0" encoding="UTF-8"?>
<!-- Generated by org.testng.reporters.JUnitXMLReporter -->
<testsuite ignored="0" hostname="nihal" failures="1" tests="4" name="Test" time="40.512" errors="0" timestamp="2026-05-18T21:29:36 IST">
  <testcase classname="Testcases.HomepageTest" name="Title" time="0.13">
    <failure type="java.lang.AssertionError" message="null">
      <![CDATA[java.lang.AssertionError: null
at Testcases.HomepageTest.Title(HomepageTest.java:31)
at java.base/java.util.ArrayList.forEach(ArrayList.java:1596)
... Removed 31 stack frames]]>
    </failure>
  </testcase> <!-- Title -->
  <testcase classname="Testcases.HomepageTest" name="Verify_Login" time="0.899"/>
  <testcase classname="Testcases.HomepageTest" name="Verify_Login" time="0.837"/>
  <testcase classname="Testcases.ProductspageTest" name="cart" time="32.745"/>
</testsuite> <!-- Test -->
