<?xml version="1.0" encoding="UTF-8"?>
<!-- Generated by org.testng.reporters.JUnitXMLReporter -->
<testsuite ignored="1" hostname="nihal" failures="1" tests="1" name="Test(failed)" time="3.273" errors="0" timestamp="2026-05-01T00:01:41 IST">
  <testcase classname="Testcases.HomepageTest" name="Title" time="0.156">
    <failure type="java.lang.AssertionError" message="null">
      <![CDATA[java.lang.AssertionError: null
at Testcases.HomepageTest.Title(HomepageTest.java:31)
at java.base/java.util.ArrayList.forEach(ArrayList.java:1596)
... Removed 31 stack frames]]>
    </failure>
  </testcase> <!-- Title -->
  <testcase classname="Testcases.HomepageTest" name="login" time="0.0">
    <ignored/>
  </testcase> <!-- login -->
</testsuite> <!-- Test(failed) -->
