<?xml version="1.0" encoding="UTF-8"?>
<testng-results ignored="0" total="3" passed="2" failed="1" skipped="0">
  <reporter-output>
  </reporter-output>
  <suite started-at="2026-05-09T21:59:07 IST" name="Suite" finished-at="2026-05-09T21:59:18 IST" duration-ms="10741">
    <groups>
    </groups>
    <test started-at="2026-05-09T21:59:07 IST" name="Test" finished-at="2026-05-09T21:59:18 IST" duration-ms="10741">
      <class name="Testcases.HomepageTest">
        <test-method is-config="true" signature="loadBrowser()[pri:0, instance:Testcases.HomepageTest@2b662a77]" started-at="2026-05-09T21:59:08 IST" name="loadBrowser" finished-at="2026-05-09T21:59:15 IST" duration-ms="6980" status="PASS">
          <reporter-output>
          </reporter-output>
        </test-method> <!-- loadBrowser -->
        <test-method signature="Title()[pri:1, instance:Testcases.HomepageTest@2b662a77]" started-at="2026-05-09T21:59:15 IST" name="Title" finished-at="2026-05-09T21:59:15 IST" duration-ms="208" status="FAIL">
          <exception class="java.lang.AssertionError">
            <message>
              <![CDATA[null]]>
            </message>
            <full-stacktrace>
              <![CDATA[java.lang.AssertionError: null
at org.testng.Assert.fail(Assert.java:110)
at org.testng.Assert.fail(Assert.java:115)
at org.testng.asserts.Assertion$7.doAssert(Assertion.java:146)
at org.testng.asserts.Assertion.executeAssert(Assertion.java:25)
at org.testng.asserts.Assertion.doAssert(Assertion.java:12)
at org.testng.asserts.Assertion.fail(Assertion.java:142)
at Testcases.HomepageTest.Title(HomepageTest.java:32)
at java.base/jdk.internal.reflect.DirectMethodHandleAccessor.invoke(DirectMethodHandleAccessor.java:103)
at java.base/java.lang.reflect.Method.invoke(Method.java:580)
at org.testng.internal.invokers.MethodInvocationHelper.invokeMethod(MethodInvocationHelper.java:139)
at org.testng.internal.invokers.TestInvoker.invokeMethod(TestInvoker.java:677)
at org.testng.internal.invokers.TestInvoker.invokeTestMethod(TestInvoker.java:221)
at org.testng.internal.invokers.MethodRunner.runInSequence(MethodRunner.java:50)
at org.testng.internal.invokers.TestInvoker$MethodInvocationAgent.invoke(TestInvoker.java:969)
at org.testng.internal.invokers.TestInvoker.invokeTestMethods(TestInvoker.java:194)
at org.testng.internal.invokers.TestMethodWorker.invokeTestMethods(TestMethodWorker.java:148)
at org.testng.internal.invokers.TestMethodWorker.run(TestMethodWorker.java:128)
at java.base/java.util.ArrayList.forEach(ArrayList.java:1596)
at org.testng.TestRunner.privateRun(TestRunner.java:829)
at org.testng.TestRunner.run(TestRunner.java:602)
at org.testng.SuiteRunner.runTest(SuiteRunner.java:437)
at org.testng.SuiteRunner.runSequentially(SuiteRunner.java:431)
at org.testng.SuiteRunner.privateRun(SuiteRunner.java:391)
at org.testng.SuiteRunner.run(SuiteRunner.java:330)
at org.testng.SuiteRunnerWorker.runSuite(SuiteRunnerWorker.java:52)
at org.testng.SuiteRunnerWorker.run(SuiteRunnerWorker.java:95)
at org.testng.TestNG.runSuitesSequentially(TestNG.java:1256)
at org.testng.TestNG.runSuitesLocally(TestNG.java:1176)
at org.testng.TestNG.runSuites(TestNG.java:1099)
at org.testng.TestNG.run(TestNG.java:1067)
at org.testng.remote.AbstractRemoteTestNG.run(AbstractRemoteTestNG.java:115)
at org.testng.remote.RemoteTestNG.initAndRun(RemoteTestNG.java:251)
at org.testng.remote.RemoteTestNG.main(RemoteTestNG.java:77)
]]>
            </full-stacktrace>
          </exception> <!-- java.lang.AssertionError -->
          <reporter-output>
          </reporter-output>
        </test-method> <!-- Title -->
        <test-method signature="login()[pri:2, instance:Testcases.HomepageTest@2b662a77]" started-at="2026-05-09T21:59:15 IST" name="login" finished-at="2026-05-09T21:59:17 IST" duration-ms="1194" status="PASS">
          <reporter-output>
          </reporter-output>
        </test-method> <!-- login -->
        <test-method is-config="true" signature="quitdriver()[pri:0, instance:Testcases.HomepageTest@2b662a77]" started-at="2026-05-09T21:59:17 IST" name="quitdriver" finished-at="2026-05-09T21:59:17 IST" duration-ms="35" status="PASS">
          <reporter-output>
          </reporter-output>
        </test-method> <!-- quitdriver -->
      </class> <!-- Testcases.HomepageTest -->
      <class name="Testcases.ProductspageTest">
        <test-method signature="cart()[pri:3, instance:Testcases.ProductspageTest@6069db50]" started-at="2026-05-09T21:59:17 IST" name="cart" finished-at="2026-05-09T21:59:18 IST" duration-ms="1062" status="PASS">
          <reporter-output>
          </reporter-output>
        </test-method> <!-- cart -->
      </class> <!-- Testcases.ProductspageTest -->
    </test> <!-- Test -->
  </suite> <!-- Suite -->
</testng-results>
